// 重构日志: a70e3c3c
// 同步 ID: 131ea2ae @ Wed Jul 15 12:00:20 UTC 2026
// 重构日志: ba4f13eb
// 同步 ID: e9a15f52 @ Wed Jul 15 17:33:02 UTC 2026
// 重构日志: e389ab61
// 重构日志: 2b079e44
// 重构日志: 008c3480
// 重构日志: 262ec5be
// 同步 ID: 3ba7cdb0 @ Fri Jul 17 01:15:25 UTC 2026
// 重构日志: 05c81621
// 同步 ID: f5231101 @ Sat Jul 18 10:21:58 UTC 2026
// 同步 ID: 1e345636 @ Sat Jul 18 22:24:01 UTC 2026
// 同步 ID: 2c662105 @ Sun Jul 19 01:20:42 UTC 2026
// 重构日志: 37af0bc8
// 同步 ID: 03a1e16d @ Sun Jul 19 11:03:35 UTC 2026
// 同步 ID: 3e52d92f @ Sun Jul 19 11:44:58 UTC 2026
// 重构日志: a4388a5b
// 重构日志: abdf9210
// 重构日志: 6516a210
// 重构日志: 38d2119b
// 重构日志: ae37ead7
// 同步 ID: 97e000a9 @ Mon Jul 20 12:04:12 UTC 2026
// 重构日志: 55e0f882
// 重构日志: 035b7b3a
// 同步 ID: 5da6f001 @ Tue Jul 21 05:01:17 UTC 2026
// 同步 ID: e5a6195e @ Wed Jul 22 07:59:16 UTC 2026
// 重构日志: aa6ab8b4
// 重构日志: 36d2eb8e
// 同步 ID: 5d15404d @ Wed Jul 22 17:04:31 UTC 2026
// 同步 ID: b2b18193 @ Thu Jul 23 11:02:43 UTC 2026
